[debug] [2021-06-27T06:42:32.216Z] ----------------------------------------------------------------------
[debug] [2021-06-27T06:42:32.222Z] Command:       C:\Program Files\nodejs\node.exe C:\Users\natan\AppData\Roaming\npm\node_modules\firebase-tools\lib\bin\firebase.js init
[debug] [2021-06-27T06:42:32.223Z] CLI Version:   9.14.0
[debug] [2021-06-27T06:42:32.223Z] Platform:      win32
[debug] [2021-06-27T06:42:32.224Z] Node Version:  v14.17.1
[debug] [2021-06-27T06:42:32.226Z] Time:          Sun Jun 27 2021 03:42:32 GMT-0300 (Horário Padrão de Brasília)
[debug] [2021-06-27T06:42:32.227Z] ----------------------------------------------------------------------
[debug] 
[debug] [2021-06-27T06:42:32.246Z] > command requires scopes: ["email","openid","https://www.googleapis.com/auth/cloudplatformprojects.readonly","https://www.googleapis.com/auth/firebase","https://www.googleapis.com/auth/cloud-platform"]
[debug] [2021-06-27T06:42:32.246Z] > authorizing via signed-in user (natansouza2010@gmail.com)
[info] 
     ######## #### ########  ######## ########     ###     ######  ########
     ##        ##  ##     ## ##       ##     ##  ##   ##  ##       ##
     ######    ##  ########  ######   ########  #########  ######  ######
     ##        ##  ##    ##  ##       ##     ## ##     ##       ## ##
     ##       #### ##     ## ######## ########  ##     ##  ######  ########

You're about to initialize a Firebase project in this directory:

  C:\Users\natan\Documents\letmeask

Before we get started, keep in mind:

  * You are initializing within an existing Firebase project directory

